17-Aug-2016 20:03:43.976 INFO [main] org.apache.catalina.startup.VersionLoggerListener.log Server version:        Apache Tomcat/8.5.4
17-Aug-2016 20:03:43.979 INFO [main] org.apache.catalina.startup.VersionLoggerListener.log Server built:          Jul 6 2016 08:43:30 UTC
17-Aug-2016 20:03:43.980 INFO [main] org.apache.catalina.startup.VersionLoggerListener.log Server number:         8.5.4.0
17-Aug-2016 20:03:43.980 INFO [main] org.apache.catalina.startup.VersionLoggerListener.log OS Name:               Mac OS X
17-Aug-2016 20:03:43.980 INFO [main] org.apache.catalina.startup.VersionLoggerListener.log OS Version:            10.10.5
17-Aug-2016 20:03:43.980 INFO [main] org.apache.catalina.startup.VersionLoggerListener.log Architecture:          x86_64
17-Aug-2016 20:03:43.980 INFO [main] org.apache.catalina.startup.VersionLoggerListener.log Java Home:             /Library/Java/JavaVirtualMachines/jdk1.8.0_91.jdk/Contents/Home/jre
17-Aug-2016 20:03:43.980 INFO [main] org.apache.catalina.startup.VersionLoggerListener.log JVM Version:           1.8.0_91-b14
17-Aug-2016 20:03:43.980 INFO [main] org.apache.catalina.startup.VersionLoggerListener.log JVM Vendor:            Oracle Corporation
17-Aug-2016 20:03:43.980 INFO [main] org.apache.catalina.startup.VersionLoggerListener.log CATALINA_BASE:         /Users/manib/Documents/development/multithreading/GIFSearchWS/scripts/apache-tomcat-8.5.4
17-Aug-2016 20:03:43.980 INFO [main] org.apache.catalina.startup.VersionLoggerListener.log CATALINA_HOME:         /Users/manib/Documents/development/multithreading/GIFSearchWS/scripts/apache-tomcat-8.5.4
17-Aug-2016 20:03:43.982 INFO [main] org.apache.catalina.startup.VersionLoggerListener.log Command line argument: -Djava.util.logging.config.file=/Users/manib/Documents/development/multithreading/GIFSearchWS/scripts/apache-tomcat-8.5.4/conf/logging.properties
17-Aug-2016 20:03:43.982 INFO [main] org.apache.catalina.startup.VersionLoggerListener.log Command line argument: -Djava.util.logging.manager=org.apache.juli.ClassLoaderLogManager
17-Aug-2016 20:03:43.982 INFO [main] org.apache.catalina.startup.VersionLoggerListener.log Command line argument: -Djdk.tls.ephemeralDHKeySize=2048
17-Aug-2016 20:03:43.982 INFO [main] org.apache.catalina.startup.VersionLoggerListener.log Command line argument: -Dcatalina.base=/Users/manib/Documents/development/multithreading/GIFSearchWS/scripts/apache-tomcat-8.5.4
17-Aug-2016 20:03:43.982 INFO [main] org.apache.catalina.startup.VersionLoggerListener.log Command line argument: -Dcatalina.home=/Users/manib/Documents/development/multithreading/GIFSearchWS/scripts/apache-tomcat-8.5.4
17-Aug-2016 20:03:43.982 INFO [main] org.apache.catalina.startup.VersionLoggerListener.log Command line argument: -Djava.io.tmpdir=/Users/manib/Documents/development/multithreading/GIFSearchWS/scripts/apache-tomcat-8.5.4/temp
17-Aug-2016 20:03:43.983 INFO [main] org.apache.catalina.core.AprLifecycleListener.lifecycleEvent The APR based Apache Tomcat Native library which allows optimal performance in production environments was not found on the java.library.path: /Users/manib/Library/Java/Extensions:/Library/Java/Extensions:/Network/Library/Java/Extensions:/System/Library/Java/Extensions:/usr/lib/java:.
17-Aug-2016 20:03:44.117 INFO [main] org.apache.coyote.AbstractProtocol.init Initializing ProtocolHandler ["http-nio-8080"]
17-Aug-2016 20:03:44.144 INFO [main] org.apache.tomcat.util.net.NioSelectorPool.getSharedSelector Using a shared selector for servlet write/read
17-Aug-2016 20:03:44.147 INFO [main] org.apache.coyote.AbstractProtocol.init Initializing ProtocolHandler ["ajp-nio-8009"]
17-Aug-2016 20:03:44.149 INFO [main] org.apache.tomcat.util.net.NioSelectorPool.getSharedSelector Using a shared selector for servlet write/read
17-Aug-2016 20:03:44.149 INFO [main] org.apache.catalina.startup.Catalina.load Initialization processed in 554 ms
17-Aug-2016 20:03:44.174 INFO [main] org.apache.catalina.core.StandardService.startInternal Starting service Catalina
17-Aug-2016 20:03:44.174 INFO [main] org.apache.catalina.core.StandardEngine.startInternal Starting Servlet Engine: Apache Tomcat/8.5.4
17-Aug-2016 20:03:44.183 INFO [localhost-startStop-1] org.apache.catalina.startup.HostConfig.deployDirectory Deploying web application directory /Users/manib/Documents/development/multithreading/GIFSearchWS/scripts/apache-tomcat-8.5.4/webapps/docs
17-Aug-2016 20:03:44.428 INFO [localhost-startStop-1] org.apache.catalina.startup.HostConfig.deployDirectory Deployment of web application directory /Users/manib/Documents/development/multithreading/GIFSearchWS/scripts/apache-tomcat-8.5.4/webapps/docs has finished in 245 ms
17-Aug-2016 20:03:44.428 INFO [localhost-startStop-1] org.apache.catalina.startup.HostConfig.deployDirectory Deploying web application directory /Users/manib/Documents/development/multithreading/GIFSearchWS/scripts/apache-tomcat-8.5.4/webapps/examples
17-Aug-2016 20:03:44.635 INFO [localhost-startStop-1] org.apache.catalina.startup.HostConfig.deployDirectory Deployment of web application directory /Users/manib/Documents/development/multithreading/GIFSearchWS/scripts/apache-tomcat-8.5.4/webapps/examples has finished in 206 ms
17-Aug-2016 20:03:44.635 INFO [localhost-startStop-1] org.apache.catalina.startup.HostConfig.deployDirectory Deploying web application directory /Users/manib/Documents/development/multithreading/GIFSearchWS/scripts/apache-tomcat-8.5.4/webapps/host-manager
17-Aug-2016 20:03:44.650 INFO [localhost-startStop-1] org.apache.catalina.startup.HostConfig.deployDirectory Deployment of web application directory /Users/manib/Documents/development/multithreading/GIFSearchWS/scripts/apache-tomcat-8.5.4/webapps/host-manager has finished in 15 ms
17-Aug-2016 20:03:44.650 INFO [localhost-startStop-1] org.apache.catalina.startup.HostConfig.deployDirectory Deploying web application directory /Users/manib/Documents/development/multithreading/GIFSearchWS/scripts/apache-tomcat-8.5.4/webapps/manager
17-Aug-2016 20:03:44.666 INFO [localhost-startStop-1] org.apache.catalina.startup.HostConfig.deployDirectory Deployment of web application directory /Users/manib/Documents/development/multithreading/GIFSearchWS/scripts/apache-tomcat-8.5.4/webapps/manager has finished in 16 ms
17-Aug-2016 20:03:44.667 INFO [localhost-startStop-1] org.apache.catalina.startup.HostConfig.deployDirectory Deploying web application directory /Users/manib/Documents/development/multithreading/GIFSearchWS/scripts/apache-tomcat-8.5.4/webapps/ROOT
17-Aug-2016 20:03:44.675 INFO [localhost-startStop-1] org.apache.catalina.startup.HostConfig.deployDirectory Deployment of web application directory /Users/manib/Documents/development/multithreading/GIFSearchWS/scripts/apache-tomcat-8.5.4/webapps/ROOT has finished in 8 ms
17-Aug-2016 20:03:44.676 INFO [main] org.apache.coyote.AbstractProtocol.start Starting ProtocolHandler [http-nio-8080]
17-Aug-2016 20:03:44.680 INFO [main] org.apache.coyote.AbstractProtocol.start Starting ProtocolHandler [ajp-nio-8009]
17-Aug-2016 20:03:44.681 INFO [main] org.apache.catalina.startup.Catalina.start Server startup in 531 ms
17-Aug-2016 20:04:44.697 INFO [localhost-startStop-2] org.apache.catalina.startup.HostConfig.deployWAR Deploying web application archive /Users/manib/Documents/development/multithreading/GIFSearchWS/scripts/apache-tomcat-8.5.4/webapps/gifsearch-service-0.1.0.war
17-Aug-2016 20:04:45.997 INFO [localhost-startStop-2] org.apache.jasper.servlet.TldScanner.scanJars At least one JAR was scanned for TLDs yet contained no TLDs. Enable debug logging for this logger for a complete list of JARs that were scanned but no TLDs were found in them. Skipping unneeded JARs during scanning can improve startup time and JSP compilation time.

  .   ____          _            __ _ _
 /\\ / ___'_ __ _ _(_)_ __  __ _ \ \ \ \
( ( )\___ | '_ | '_| | '_ \/ _` | \ \ \ \
 \\/  ___)| |_)| | | | | || (_| |  ) ) ) )
  '  |____| .__|_| |_|_| |_\__, | / / / /
 =========|_|==============|___/=/_/_/_/
 :: Spring Boot ::        (v1.4.0.RELEASE)

2016-08-17 20:04:47.354  INFO 46519 --- [ost-startStop-2] main.java.gifservice.Application         : Starting Application v0.1.0 on Tech-Mani.local with PID 46519 (/Users/manib/Documents/development/multithreading/GIFSearchWS/scripts/apache-tomcat-8.5.4/webapps/gifsearch-service-0.1.0/WEB-INF/classes started by manib in /Users/manib/Documents/development/multithreading/GIFSearchWS/scripts)
2016-08-17 20:04:47.357  INFO 46519 --- [ost-startStop-2] main.java.gifservice.Application         : No active profile set, falling back to default profiles: default
2016-08-17 20:04:47.398  INFO 46519 --- [ost-startStop-2] ationConfigEmbeddedWebApplicationContext : Refreshing org.springframework.boot.context.embedded.AnnotationConfigEmbeddedWebApplicationContext@22a3954f: startup date [Wed Aug 17 20:04:47 PDT 2016]; root of context hierarchy
2016-08-17 20:04:48.496  INFO 46519 --- [ost-startStop-2] o.s.web.context.ContextLoader            : Root WebApplicationContext: initialization completed in 1098 ms
2016-08-17 20:04:49.428  INFO 46519 --- [ost-startStop-2] o.s.b.w.servlet.ServletRegistrationBean  : Mapping servlet: 'dispatcherServlet' to [/]
2016-08-17 20:04:49.430  INFO 46519 --- [ost-startStop-2] o.s.b.w.servlet.FilterRegistrationBean   : Mapping filter: 'errorPageFilter' to: [/*]
2016-08-17 20:04:49.430  INFO 46519 --- [ost-startStop-2] o.s.b.w.servlet.FilterRegistrationBean   : Mapping filter: 'characterEncodingFilter' to: [/*]
2016-08-17 20:04:49.430  INFO 46519 --- [ost-startStop-2] o.s.b.w.servlet.FilterRegistrationBean   : Mapping filter: 'hiddenHttpMethodFilter' to: [/*]
2016-08-17 20:04:49.431  INFO 46519 --- [ost-startStop-2] o.s.b.w.servlet.FilterRegistrationBean   : Mapping filter: 'httpPutFormContentFilter' to: [/*]
2016-08-17 20:04:49.431  INFO 46519 --- [ost-startStop-2] o.s.b.w.servlet.FilterRegistrationBean   : Mapping filter: 'requestContextFilter' to: [/*]
2016-08-17 20:04:49.792  INFO 46519 --- [ost-startStop-2] s.w.s.m.m.a.RequestMappingHandlerAdapter : Looking for @ControllerAdvice: org.springframework.boot.context.embedded.AnnotationConfigEmbeddedWebApplicationContext@22a3954f: startup date [Wed Aug 17 20:04:47 PDT 2016]; root of context hierarchy
2016-08-17 20:04:49.931  INFO 46519 --- [ost-startStop-2] s.w.s.m.m.a.RequestMappingHandlerMapping : Mapped "{[/search]}" onto public main.java.gifservice.GIFResponse main.java.gifservice.ServiceController.search(java.lang.String)
2016-08-17 20:04:49.936  INFO 46519 --- [ost-startStop-2] s.w.s.m.m.a.RequestMappingHandlerMapping : Mapped "{[/error]}" onto public org.springframework.http.ResponseEntity<java.util.Map<java.lang.String, java.lang.Object>> org.springframework.boot.autoconfigure.web.BasicErrorController.error(javax.servlet.http.HttpServletRequest)
2016-08-17 20:04:49.936  INFO 46519 --- [ost-startStop-2] s.w.s.m.m.a.RequestMappingHandlerMapping : Mapped "{[/error],produces=[text/html]}" onto public org.springframework.web.servlet.ModelAndView org.springframework.boot.autoconfigure.web.BasicErrorController.errorHtml(javax.servlet.http.HttpServletRequest,javax.servlet.http.HttpServletResponse)
2016-08-17 20:04:49.985  INFO 46519 --- [ost-startStop-2] o.s.w.s.handler.SimpleUrlHandlerMapping  : Mapped URL path [/webjars/**] onto handler of type [class org.springframework.web.servlet.resource.ResourceHttpRequestHandler]
2016-08-17 20:04:49.986  INFO 46519 --- [ost-startStop-2] o.s.w.s.handler.SimpleUrlHandlerMapping  : Mapped URL path [/**] onto handler of type [class org.springframework.web.servlet.resource.ResourceHttpRequestHandler]
2016-08-17 20:04:50.040  INFO 46519 --- [ost-startStop-2] o.s.w.s.handler.SimpleUrlHandlerMapping  : Mapped URL path [/**/favicon.ico] onto handler of type [class org.springframework.web.servlet.resource.ResourceHttpRequestHandler]
2016-08-17 20:04:50.232  INFO 46519 --- [ost-startStop-2] o.s.j.e.a.AnnotationMBeanExporter        : Registering beans for JMX exposure on startup
2016-08-17 20:04:50.249  INFO 46519 --- [ost-startStop-2] main.java.gifservice.Application         : Started Application in 3.941 seconds (JVM running for 66.847)
17-Aug-2016 20:04:50.261 INFO [localhost-startStop-2] org.apache.catalina.startup.HostConfig.deployWAR Deployment of web application archive /Users/manib/Documents/development/multithreading/GIFSearchWS/scripts/apache-tomcat-8.5.4/webapps/gifsearch-service-0.1.0.war has finished in 5,564 ms
17-Aug-2016 20:04:52.485 INFO [main] org.apache.catalina.core.StandardServer.await A valid shutdown command was received via the shutdown port. Stopping the Server instance.
17-Aug-2016 20:04:52.486 INFO [main] org.apache.coyote.AbstractProtocol.pause Pausing ProtocolHandler ["http-nio-8080"]
17-Aug-2016 20:04:52.546 INFO [main] org.apache.coyote.AbstractProtocol.pause Pausing ProtocolHandler ["ajp-nio-8009"]
17-Aug-2016 20:04:52.601 INFO [main] org.apache.catalina.core.StandardService.stopInternal Stopping service Catalina
2016-08-17 20:04:52.609  INFO 46519 --- [ost-startStop-2] ationConfigEmbeddedWebApplicationContext : Closing org.springframework.boot.context.embedded.AnnotationConfigEmbeddedWebApplicationContext@22a3954f: startup date [Wed Aug 17 20:04:47 PDT 2016]; root of context hierarchy
2016-08-17 20:04:52.610  INFO 46519 --- [ost-startStop-2] o.s.j.e.a.AnnotationMBeanExporter        : Unregistering JMX-exposed beans on shutdown
17-Aug-2016 20:04:52.628 INFO [main] org.apache.coyote.AbstractProtocol.stop Stopping ProtocolHandler ["http-nio-8080"]
17-Aug-2016 20:04:52.631 INFO [main] org.apache.coyote.AbstractProtocol.stop Stopping ProtocolHandler ["ajp-nio-8009"]
17-Aug-2016 20:04:52.632 INFO [main] org.apache.coyote.AbstractProtocol.destroy Destroying ProtocolHandler ["http-nio-8080"]
17-Aug-2016 20:04:52.632 INFO [main] org.apache.coyote.AbstractProtocol.destroy Destroying ProtocolHandler ["ajp-nio-8009"]
17-Aug-2016 20:05:01.495 INFO [main] org.apache.catalina.startup.VersionLoggerListener.log Server version:        Apache Tomcat/8.5.4
17-Aug-2016 20:05:01.497 INFO [main] org.apache.catalina.startup.VersionLoggerListener.log Server built:          Jul 6 2016 08:43:30 UTC
17-Aug-2016 20:05:01.497 INFO [main] org.apache.catalina.startup.VersionLoggerListener.log Server number:         8.5.4.0
17-Aug-2016 20:05:01.497 INFO [main] org.apache.catalina.startup.VersionLoggerListener.log OS Name:               Mac OS X
17-Aug-2016 20:05:01.497 INFO [main] org.apache.catalina.startup.VersionLoggerListener.log OS Version:            10.10.5
17-Aug-2016 20:05:01.497 INFO [main] org.apache.catalina.startup.VersionLoggerListener.log Architecture:          x86_64
17-Aug-2016 20:05:01.497 INFO [main] org.apache.catalina.startup.VersionLoggerListener.log Java Home:             /Library/Java/JavaVirtualMachines/jdk1.8.0_91.jdk/Contents/Home/jre
17-Aug-2016 20:05:01.497 INFO [main] org.apache.catalina.startup.VersionLoggerListener.log JVM Version:           1.8.0_91-b14
17-Aug-2016 20:05:01.497 INFO [main] org.apache.catalina.startup.VersionLoggerListener.log JVM Vendor:            Oracle Corporation
17-Aug-2016 20:05:01.498 INFO [main] org.apache.catalina.startup.VersionLoggerListener.log CATALINA_BASE:         /Users/manib/Documents/development/multithreading/GIFSearchWS/scripts/apache-tomcat-8.5.4
17-Aug-2016 20:05:01.498 INFO [main] org.apache.catalina.startup.VersionLoggerListener.log CATALINA_HOME:         /Users/manib/Documents/development/multithreading/GIFSearchWS/scripts/apache-tomcat-8.5.4
17-Aug-2016 20:05:01.498 INFO [main] org.apache.catalina.startup.VersionLoggerListener.log Command line argument: -Djava.util.logging.config.file=/Users/manib/Documents/development/multithreading/GIFSearchWS/scripts/apache-tomcat-8.5.4/conf/logging.properties
17-Aug-2016 20:05:01.498 INFO [main] org.apache.catalina.startup.VersionLoggerListener.log Command line argument: -Djava.util.logging.manager=org.apache.juli.ClassLoaderLogManager
17-Aug-2016 20:05:01.498 INFO [main] org.apache.catalina.startup.VersionLoggerListener.log Command line argument: -Djdk.tls.ephemeralDHKeySize=2048
17-Aug-2016 20:05:01.498 INFO [main] org.apache.catalina.startup.VersionLoggerListener.log Command line argument: -Dcatalina.base=/Users/manib/Documents/development/multithreading/GIFSearchWS/scripts/apache-tomcat-8.5.4
17-Aug-2016 20:05:01.498 INFO [main] org.apache.catalina.startup.VersionLoggerListener.log Command line argument: -Dcatalina.home=/Users/manib/Documents/development/multithreading/GIFSearchWS/scripts/apache-tomcat-8.5.4
17-Aug-2016 20:05:01.499 INFO [main] org.apache.catalina.startup.VersionLoggerListener.log Command line argument: -Djava.io.tmpdir=/Users/manib/Documents/development/multithreading/GIFSearchWS/scripts/apache-tomcat-8.5.4/temp
17-Aug-2016 20:05:01.499 INFO [main] org.apache.catalina.core.AprLifecycleListener.lifecycleEvent The APR based Apache Tomcat Native library which allows optimal performance in production environments was not found on the java.library.path: /Users/manib/Library/Java/Extensions:/Library/Java/Extensions:/Network/Library/Java/Extensions:/System/Library/Java/Extensions:/usr/lib/java:.
17-Aug-2016 20:05:01.597 INFO [main] org.apache.coyote.AbstractProtocol.init Initializing ProtocolHandler ["http-nio-8080"]
17-Aug-2016 20:05:01.624 INFO [main] org.apache.tomcat.util.net.NioSelectorPool.getSharedSelector Using a shared selector for servlet write/read
17-Aug-2016 20:05:01.626 INFO [main] org.apache.coyote.AbstractProtocol.init Initializing ProtocolHandler ["ajp-nio-8009"]
17-Aug-2016 20:05:01.628 INFO [main] org.apache.tomcat.util.net.NioSelectorPool.getSharedSelector Using a shared selector for servlet write/read
17-Aug-2016 20:05:01.628 INFO [main] org.apache.catalina.startup.Catalina.load Initialization processed in 447 ms
17-Aug-2016 20:05:01.649 INFO [main] org.apache.catalina.core.StandardService.startInternal Starting service Catalina
17-Aug-2016 20:05:01.649 INFO [main] org.apache.catalina.core.StandardEngine.startInternal Starting Servlet Engine: Apache Tomcat/8.5.4
17-Aug-2016 20:05:01.666 INFO [localhost-startStop-1] org.apache.catalina.startup.HostConfig.deployWAR Deploying web application archive /Users/manib/Documents/development/multithreading/GIFSearchWS/scripts/apache-tomcat-8.5.4/webapps/gifsearch-service-0.1.0.war
17-Aug-2016 20:05:02.783 INFO [localhost-startStop-1] org.apache.jasper.servlet.TldScanner.scanJars At least one JAR was scanned for TLDs yet contained no TLDs. Enable debug logging for this logger for a complete list of JARs that were scanned but no TLDs were found in them. Skipping unneeded JARs during scanning can improve startup time and JSP compilation time.

  .   ____          _            __ _ _
 /\\ / ___'_ __ _ _(_)_ __  __ _ \ \ \ \
( ( )\___ | '_ | '_| | '_ \/ _` | \ \ \ \
 \\/  ___)| |_)| | | | | || (_| |  ) ) ) )
  '  |____| .__|_| |_|_| |_\__, | / / / /
 =========|_|==============|___/=/_/_/_/
 :: Spring Boot ::        (v1.4.0.RELEASE)

2016-08-17 20:05:03.956  INFO 46550 --- [ost-startStop-1] main.java.gifservice.Application         : Starting Application v0.1.0 on Tech-Mani.local with PID 46550 (/Users/manib/Documents/development/multithreading/GIFSearchWS/scripts/apache-tomcat-8.5.4/webapps/gifsearch-service-0.1.0/WEB-INF/classes started by manib in /Users/manib/Documents/development/multithreading/GIFSearchWS/scripts)
2016-08-17 20:05:03.960  INFO 46550 --- [ost-startStop-1] main.java.gifservice.Application         : No active profile set, falling back to default profiles: default
2016-08-17 20:05:04.014  INFO 46550 --- [ost-startStop-1] ationConfigEmbeddedWebApplicationContext : Refreshing org.springframework.boot.context.embedded.AnnotationConfigEmbeddedWebApplicationContext@52099f7: startup date [Wed Aug 17 20:05:04 PDT 2016]; root of context hierarchy
2016-08-17 20:05:05.207  INFO 46550 --- [ost-startStop-1] o.s.web.context.ContextLoader            : Root WebApplicationContext: initialization completed in 1193 ms
2016-08-17 20:05:06.186  INFO 46550 --- [ost-startStop-1] o.s.b.w.servlet.ServletRegistrationBean  : Mapping servlet: 'dispatcherServlet' to [/]
2016-08-17 20:05:06.191  INFO 46550 --- [ost-startStop-1] o.s.b.w.servlet.FilterRegistrationBean   : Mapping filter: 'errorPageFilter' to: [/*]
2016-08-17 20:05:06.192  INFO 46550 --- [ost-startStop-1] o.s.b.w.servlet.FilterRegistrationBean   : Mapping filter: 'characterEncodingFilter' to: [/*]
2016-08-17 20:05:06.192  INFO 46550 --- [ost-startStop-1] o.s.b.w.servlet.FilterRegistrationBean   : Mapping filter: 'hiddenHttpMethodFilter' to: [/*]
2016-08-17 20:05:06.192  INFO 46550 --- [ost-startStop-1] o.s.b.w.servlet.FilterRegistrationBean   : Mapping filter: 'httpPutFormContentFilter' to: [/*]
2016-08-17 20:05:06.192  INFO 46550 --- [ost-startStop-1] o.s.b.w.servlet.FilterRegistrationBean   : Mapping filter: 'requestContextFilter' to: [/*]
2016-08-17 20:05:06.622  INFO 46550 --- [ost-startStop-1] s.w.s.m.m.a.RequestMappingHandlerAdapter : Looking for @ControllerAdvice: org.springframework.boot.context.embedded.AnnotationConfigEmbeddedWebApplicationContext@52099f7: startup date [Wed Aug 17 20:05:04 PDT 2016]; root of context hierarchy
2016-08-17 20:05:06.718  INFO 46550 --- [ost-startStop-1] s.w.s.m.m.a.RequestMappingHandlerMapping : Mapped "{[/search]}" onto public main.java.gifservice.GIFResponse main.java.gifservice.ServiceController.search(java.lang.String)
2016-08-17 20:05:06.723  INFO 46550 --- [ost-startStop-1] s.w.s.m.m.a.RequestMappingHandlerMapping : Mapped "{[/error]}" onto public org.springframework.http.ResponseEntity<java.util.Map<java.lang.String, java.lang.Object>> org.springframework.boot.autoconfigure.web.BasicErrorController.error(javax.servlet.http.HttpServletRequest)
2016-08-17 20:05:06.723  INFO 46550 --- [ost-startStop-1] s.w.s.m.m.a.RequestMappingHandlerMapping : Mapped "{[/error],produces=[text/html]}" onto public org.springframework.web.servlet.ModelAndView org.springframework.boot.autoconfigure.web.BasicErrorController.errorHtml(javax.servlet.http.HttpServletRequest,javax.servlet.http.HttpServletResponse)
2016-08-17 20:05:06.756  INFO 46550 --- [ost-startStop-1] o.s.w.s.handler.SimpleUrlHandlerMapping  : Mapped URL path [/webjars/**] onto handler of type [class org.springframework.web.servlet.resource.ResourceHttpRequestHandler]
2016-08-17 20:05:06.756  INFO 46550 --- [ost-startStop-1] o.s.w.s.handler.SimpleUrlHandlerMapping  : Mapped URL path [/**] onto handler of type [class org.springframework.web.servlet.resource.ResourceHttpRequestHandler]
2016-08-17 20:05:06.863  INFO 46550 --- [ost-startStop-1] o.s.w.s.handler.SimpleUrlHandlerMapping  : Mapped URL path [/**/favicon.ico] onto handler of type [class org.springframework.web.servlet.resource.ResourceHttpRequestHandler]
2016-08-17 20:05:07.098  INFO 46550 --- [ost-startStop-1] o.s.j.e.a.AnnotationMBeanExporter        : Registering beans for JMX exposure on startup
2016-08-17 20:05:07.121  INFO 46550 --- [ost-startStop-1] main.java.gifservice.Application         : Started Application in 3.936 seconds (JVM running for 6.094)
17-Aug-2016 20:05:07.165 INFO [localhost-startStop-1] org.apache.catalina.startup.HostConfig.deployWAR Deployment of web application archive /Users/manib/Documents/development/multithreading/GIFSearchWS/scripts/apache-tomcat-8.5.4/webapps/gifsearch-service-0.1.0.war has finished in 5,498 ms
17-Aug-2016 20:05:07.165 INFO [localhost-startStop-1] org.apache.catalina.startup.HostConfig.deployDirectory Deploying web application directory /Users/manib/Documents/development/multithreading/GIFSearchWS/scripts/apache-tomcat-8.5.4/webapps/docs
17-Aug-2016 20:05:07.186 INFO [localhost-startStop-1] org.apache.catalina.startup.HostConfig.deployDirectory Deployment of web application directory /Users/manib/Documents/development/multithreading/GIFSearchWS/scripts/apache-tomcat-8.5.4/webapps/docs has finished in 21 ms
17-Aug-2016 20:05:07.186 INFO [localhost-startStop-1] org.apache.catalina.startup.HostConfig.deployDirectory Deploying web application directory /Users/manib/Documents/development/multithreading/GIFSearchWS/scripts/apache-tomcat-8.5.4/webapps/examples
17-Aug-2016 20:05:07.406 INFO [localhost-startStop-1] org.apache.catalina.startup.HostConfig.deployDirectory Deployment of web application directory /Users/manib/Documents/development/multithreading/GIFSearchWS/scripts/apache-tomcat-8.5.4/webapps/examples has finished in 220 ms
17-Aug-2016 20:05:07.406 INFO [localhost-startStop-1] org.apache.catalina.startup.HostConfig.deployDirectory Deploying web application directory /Users/manib/Documents/development/multithreading/GIFSearchWS/scripts/apache-tomcat-8.5.4/webapps/host-manager
17-Aug-2016 20:05:07.426 INFO [localhost-startStop-1] org.apache.catalina.startup.HostConfig.deployDirectory Deployment of web application directory /Users/manib/Documents/development/multithreading/GIFSearchWS/scripts/apache-tomcat-8.5.4/webapps/host-manager has finished in 20 ms
17-Aug-2016 20:05:07.426 INFO [localhost-startStop-1] org.apache.catalina.startup.HostConfig.deployDirectory Deploying web application directory /Users/manib/Documents/development/multithreading/GIFSearchWS/scripts/apache-tomcat-8.5.4/webapps/manager
17-Aug-2016 20:05:07.442 INFO [localhost-startStop-1] org.apache.catalina.startup.HostConfig.deployDirectory Deployment of web application directory /Users/manib/Documents/development/multithreading/GIFSearchWS/scripts/apache-tomcat-8.5.4/webapps/manager has finished in 16 ms
17-Aug-2016 20:05:07.442 INFO [localhost-startStop-1] org.apache.catalina.startup.HostConfig.deployDirectory Deploying web application directory /Users/manib/Documents/development/multithreading/GIFSearchWS/scripts/apache-tomcat-8.5.4/webapps/ROOT
17-Aug-2016 20:05:07.456 INFO [localhost-startStop-1] org.apache.catalina.startup.HostConfig.deployDirectory Deployment of web application directory /Users/manib/Documents/development/multithreading/GIFSearchWS/scripts/apache-tomcat-8.5.4/webapps/ROOT has finished in 14 ms
17-Aug-2016 20:05:07.461 INFO [main] org.apache.coyote.AbstractProtocol.start Starting ProtocolHandler [http-nio-8080]
17-Aug-2016 20:05:07.465 INFO [main] org.apache.coyote.AbstractProtocol.start Starting ProtocolHandler [ajp-nio-8009]
17-Aug-2016 20:05:07.466 INFO [main] org.apache.catalina.startup.Catalina.start Server startup in 5838 ms
17-Aug-2016 20:08:39.573 INFO [main] org.apache.catalina.core.StandardServer.await A valid shutdown command was received via the shutdown port. Stopping the Server instance.
17-Aug-2016 20:08:39.575 INFO [main] org.apache.coyote.AbstractProtocol.pause Pausing ProtocolHandler ["http-nio-8080"]
17-Aug-2016 20:08:39.636 INFO [main] org.apache.coyote.AbstractProtocol.pause Pausing ProtocolHandler ["ajp-nio-8009"]
17-Aug-2016 20:08:39.689 INFO [main] org.apache.catalina.core.StandardService.stopInternal Stopping service Catalina
2016-08-17 20:08:39.713  INFO 46550 --- [ost-startStop-2] ationConfigEmbeddedWebApplicationContext : Closing org.springframework.boot.context.embedded.AnnotationConfigEmbeddedWebApplicationContext@52099f7: startup date [Wed Aug 17 20:05:04 PDT 2016]; root of context hierarchy
2016-08-17 20:08:39.720  INFO 46550 --- [ost-startStop-2] o.s.j.e.a.AnnotationMBeanExporter        : Unregistering JMX-exposed beans on shutdown
17-Aug-2016 20:08:39.763 INFO [main] org.apache.coyote.AbstractProtocol.stop Stopping ProtocolHandler ["http-nio-8080"]
17-Aug-2016 20:08:39.767 INFO [main] org.apache.coyote.AbstractProtocol.stop Stopping ProtocolHandler ["ajp-nio-8009"]
17-Aug-2016 20:08:39.767 INFO [main] org.apache.coyote.AbstractProtocol.destroy Destroying ProtocolHandler ["http-nio-8080"]
17-Aug-2016 20:08:39.768 INFO [main] org.apache.coyote.AbstractProtocol.destroy Destroying ProtocolHandler ["ajp-nio-8009"]
17-Aug-2016 20:33:11.191 INFO [main] org.apache.catalina.startup.VersionLoggerListener.log Server version:        Apache Tomcat/8.5.4
17-Aug-2016 20:33:11.192 INFO [main] org.apache.catalina.startup.VersionLoggerListener.log Server built:          Jul 6 2016 08:43:30 UTC
17-Aug-2016 20:33:11.193 INFO [main] org.apache.catalina.startup.VersionLoggerListener.log Server number:         8.5.4.0
17-Aug-2016 20:33:11.193 INFO [main] org.apache.catalina.startup.VersionLoggerListener.log OS Name:               Mac OS X
17-Aug-2016 20:33:11.193 INFO [main] org.apache.catalina.startup.VersionLoggerListener.log OS Version:            10.10.5
17-Aug-2016 20:33:11.193 INFO [main] org.apache.catalina.startup.VersionLoggerListener.log Architecture:          x86_64
17-Aug-2016 20:33:11.193 INFO [main] org.apache.catalina.startup.VersionLoggerListener.log Java Home:             /Library/Java/JavaVirtualMachines/jdk1.8.0_91.jdk/Contents/Home/jre
17-Aug-2016 20:33:11.193 INFO [main] org.apache.catalina.startup.VersionLoggerListener.log JVM Version:           1.8.0_91-b14
17-Aug-2016 20:33:11.193 INFO [main] org.apache.catalina.startup.VersionLoggerListener.log JVM Vendor:            Oracle Corporation
17-Aug-2016 20:33:11.193 INFO [main] org.apache.catalina.startup.VersionLoggerListener.log CATALINA_BASE:         /Users/manib/Documents/development/multithreading/GIFSearchWS/scripts/apache-tomcat-8.5.4
17-Aug-2016 20:33:11.193 INFO [main] org.apache.catalina.startup.VersionLoggerListener.log CATALINA_HOME:         /Users/manib/Documents/development/multithreading/GIFSearchWS/scripts/apache-tomcat-8.5.4
17-Aug-2016 20:33:11.194 INFO [main] org.apache.catalina.startup.VersionLoggerListener.log Command line argument: -Djava.util.logging.config.file=/Users/manib/Documents/development/multithreading/GIFSearchWS/scripts/apache-tomcat-8.5.4/conf/logging.properties
17-Aug-2016 20:33:11.194 INFO [main] org.apache.catalina.startup.VersionLoggerListener.log Command line argument: -Djava.util.logging.manager=org.apache.juli.ClassLoaderLogManager
17-Aug-2016 20:33:11.194 INFO [main] org.apache.catalina.startup.VersionLoggerListener.log Command line argument: -Djdk.tls.ephemeralDHKeySize=2048
17-Aug-2016 20:33:11.194 INFO [main] org.apache.catalina.startup.VersionLoggerListener.log Command line argument: -Dcatalina.base=/Users/manib/Documents/development/multithreading/GIFSearchWS/scripts/apache-tomcat-8.5.4
17-Aug-2016 20:33:11.194 INFO [main] org.apache.catalina.startup.VersionLoggerListener.log Command line argument: -Dcatalina.home=/Users/manib/Documents/development/multithreading/GIFSearchWS/scripts/apache-tomcat-8.5.4
17-Aug-2016 20:33:11.194 INFO [main] org.apache.catalina.startup.VersionLoggerListener.log Command line argument: -Djava.io.tmpdir=/Users/manib/Documents/development/multithreading/GIFSearchWS/scripts/apache-tomcat-8.5.4/temp
17-Aug-2016 20:33:11.195 INFO [main] org.apache.catalina.core.AprLifecycleListener.lifecycleEvent The APR based Apache Tomcat Native library which allows optimal performance in production environments was not found on the java.library.path: /Users/manib/Library/Java/Extensions:/Library/Java/Extensions:/Network/Library/Java/Extensions:/System/Library/Java/Extensions:/usr/lib/java:.
17-Aug-2016 20:33:11.310 INFO [main] org.apache.coyote.AbstractProtocol.init Initializing ProtocolHandler ["http-nio-8080"]
17-Aug-2016 20:33:11.335 INFO [main] org.apache.tomcat.util.net.NioSelectorPool.getSharedSelector Using a shared selector for servlet write/read
17-Aug-2016 20:33:11.338 INFO [main] org.apache.coyote.AbstractProtocol.init Initializing ProtocolHandler ["ajp-nio-8009"]
17-Aug-2016 20:33:11.339 INFO [main] org.apache.tomcat.util.net.NioSelectorPool.getSharedSelector Using a shared selector for servlet write/read
17-Aug-2016 20:33:11.340 INFO [main] org.apache.catalina.startup.Catalina.load Initialization processed in 540 ms
17-Aug-2016 20:33:11.358 INFO [main] org.apache.catalina.core.StandardService.startInternal Starting service Catalina
17-Aug-2016 20:33:11.358 INFO [main] org.apache.catalina.core.StandardEngine.startInternal Starting Servlet Engine: Apache Tomcat/8.5.4
17-Aug-2016 20:33:11.379 INFO [localhost-startStop-1] org.apache.catalina.startup.HostConfig.deployWAR Deploying web application archive /Users/manib/Documents/development/multithreading/GIFSearchWS/scripts/apache-tomcat-8.5.4/webapps/gifsearch-service-0.1.0.war
17-Aug-2016 20:33:11.404 INFO [localhost-startStop-1] org.apache.catalina.startup.ExpandWar.expand An expanded directory [/Users/manib/Documents/development/multithreading/GIFSearchWS/scripts/apache-tomcat-8.5.4/webapps/gifsearch-service-0.1.0] was found with a last modified time that did not match the associated WAR. It will be deleted.
17-Aug-2016 20:33:13.368 INFO [localhost-startStop-1] org.apache.jasper.servlet.TldScanner.scanJars At least one JAR was scanned for TLDs yet contained no TLDs. Enable debug logging for this logger for a complete list of JARs that were scanned but no TLDs were found in them. Skipping unneeded JARs during scanning can improve startup time and JSP compilation time.
17-Aug-2016 20:33:13.448 INFO [localhost-startStop-1] org.apache.catalina.startup.HostConfig.deployWAR Deployment of web application archive /Users/manib/Documents/development/multithreading/GIFSearchWS/scripts/apache-tomcat-8.5.4/webapps/gifsearch-service-0.1.0.war has finished in 2,069 ms
17-Aug-2016 20:33:13.451 INFO [localhost-startStop-1] org.apache.catalina.startup.HostConfig.deployDirectory Deploying web application directory /Users/manib/Documents/development/multithreading/GIFSearchWS/scripts/apache-tomcat-8.5.4/webapps/docs
17-Aug-2016 20:33:13.473 INFO [localhost-startStop-1] org.apache.catalina.startup.HostConfig.deployDirectory Deployment of web application directory /Users/manib/Documents/development/multithreading/GIFSearchWS/scripts/apache-tomcat-8.5.4/webapps/docs has finished in 22 ms
17-Aug-2016 20:33:13.473 INFO [localhost-startStop-1] org.apache.catalina.startup.HostConfig.deployDirectory Deploying web application directory /Users/manib/Documents/development/multithreading/GIFSearchWS/scripts/apache-tomcat-8.5.4/webapps/examples
17-Aug-2016 20:33:13.881 INFO [localhost-startStop-1] org.apache.catalina.startup.HostConfig.deployDirectory Deployment of web application directory /Users/manib/Documents/development/multithreading/GIFSearchWS/scripts/apache-tomcat-8.5.4/webapps/examples has finished in 407 ms
17-Aug-2016 20:33:13.881 INFO [localhost-startStop-1] org.apache.catalina.startup.HostConfig.deployDirectory Deploying web application directory /Users/manib/Documents/development/multithreading/GIFSearchWS/scripts/apache-tomcat-8.5.4/webapps/host-manager
17-Aug-2016 20:33:13.908 INFO [localhost-startStop-1] org.apache.catalina.startup.HostConfig.deployDirectory Deployment of web application directory /Users/manib/Documents/development/multithreading/GIFSearchWS/scripts/apache-tomcat-8.5.4/webapps/host-manager has finished in 27 ms
17-Aug-2016 20:33:13.908 INFO [localhost-startStop-1] org.apache.catalina.startup.HostConfig.deployDirectory Deploying web application directory /Users/manib/Documents/development/multithreading/GIFSearchWS/scripts/apache-tomcat-8.5.4/webapps/manager
17-Aug-2016 20:33:13.932 INFO [localhost-startStop-1] org.apache.catalina.startup.HostConfig.deployDirectory Deployment of web application directory /Users/manib/Documents/development/multithreading/GIFSearchWS/scripts/apache-tomcat-8.5.4/webapps/manager has finished in 24 ms
17-Aug-2016 20:33:13.932 INFO [localhost-startStop-1] org.apache.catalina.startup.HostConfig.deployDirectory Deploying web application directory /Users/manib/Documents/development/multithreading/GIFSearchWS/scripts/apache-tomcat-8.5.4/webapps/ROOT
17-Aug-2016 20:33:13.950 INFO [localhost-startStop-1] org.apache.catalina.startup.HostConfig.deployDirectory Deployment of web application directory /Users/manib/Documents/development/multithreading/GIFSearchWS/scripts/apache-tomcat-8.5.4/webapps/ROOT has finished in 18 ms
17-Aug-2016 20:33:13.953 INFO [main] org.apache.coyote.AbstractProtocol.start Starting ProtocolHandler [http-nio-8080]
17-Aug-2016 20:33:13.958 INFO [main] org.apache.coyote.AbstractProtocol.start Starting ProtocolHandler [ajp-nio-8009]
17-Aug-2016 20:33:13.958 INFO [main] org.apache.catalina.startup.Catalina.start Server startup in 2618 ms
17-Aug-2016 20:34:59.536 INFO [main] org.apache.catalina.core.StandardServer.await A valid shutdown command was received via the shutdown port. Stopping the Server instance.
17-Aug-2016 20:34:59.537 INFO [main] org.apache.coyote.AbstractProtocol.pause Pausing ProtocolHandler ["http-nio-8080"]
17-Aug-2016 20:34:59.593 INFO [main] org.apache.coyote.AbstractProtocol.pause Pausing ProtocolHandler ["ajp-nio-8009"]
17-Aug-2016 20:34:59.645 INFO [main] org.apache.catalina.core.StandardService.stopInternal Stopping service Catalina
17-Aug-2016 20:34:59.664 INFO [main] org.apache.coyote.AbstractProtocol.stop Stopping ProtocolHandler ["http-nio-8080"]
17-Aug-2016 20:34:59.668 INFO [main] org.apache.coyote.AbstractProtocol.stop Stopping ProtocolHandler ["ajp-nio-8009"]
17-Aug-2016 20:34:59.668 INFO [main] org.apache.coyote.AbstractProtocol.destroy Destroying ProtocolHandler ["http-nio-8080"]
17-Aug-2016 20:34:59.669 INFO [main] org.apache.coyote.AbstractProtocol.destroy Destroying ProtocolHandler ["ajp-nio-8009"]
